{
  "RSpec": {
    "coverage": {
      "/home/manomoybiswas/Projects/Task-Management-System/config/environment.rb": {
        "lines": [
          null,
          1,
          null,
          null,
          1
        ]
      },
      "/home/manomoybiswas/Projects/Task-Management-System/config/application.rb": {
        "lines": [
          1,
          null,
          1,
          null,
          null,
          null,
          1,
          null,
          1,
          1,
          null,
          1,
          1,
          1,
          null,
          null,
          null,
          null,
          null,
          null,
          1,
          1,
          null,
          10,
          1,
          null,
          null,
          null
        ]
      },
      "/home/manomoybiswas/Projects/Task-Management-System/config/boot.rb": {
        "lines": [
          1,
          null,
          1,
          1
        ]
      },
      "/home/manomoybiswas/Projects/Task-Management-System/config/environments/test.rb": {
        "lines": [
          null,
          null,
          null,
          null,
          null,
          1,
          null,
          null,
          1,
          null,
          null,
          null,
          null,
          1,
          null,
          null,
          1,
          1,
          null,
          null,
          null,
          null,
          1,
          1,
          1,
          null,
          null,
          1,
          null,
          null,
          1,
          null,
          null,
          1,
          null,
          1,
          null,
          null,
          null,
          null,
          1,
          null,
          null,
          1,
          null,
          null,
          null,
          null
        ]
      },
      "/home/manomoybiswas/Projects/Task-Management-System/config/initializers/application_controller_renderer.rb": {
        "lines": [
          null,
          null,
          null,
          null,
          null,
          null,
          null,
          null
        ]
      },
      "/home/manomoybiswas/Projects/Task-Management-System/config/initializers/assets.rb": {
        "lines": [
          null,
          null,
          null,
          1,
          null,
          null,
          null,
          null,
          1,
          null,
          null,
          null,
          null,
          1
        ]
      },
      "/home/manomoybiswas/Projects/Task-Management-System/config/initializers/backtrace_silencers.rb": {
        "lines": [
          null,
          null,
          null,
          null,
          null,
          null,
          null
        ]
      },
      "/home/manomoybiswas/Projects/Task-Management-System/config/initializers/carrierwave.rb": {
        "lines": [
          null,
          null,
          null,
          null,
          null,
          null,
          null,
          null,
          null,
          null,
          null,
          null,
          null,
          null,
          1,
          1,
          0,
          0,
          0,
          0,
          0,
          null,
          null,
          0,
          null,
          null,
          null,
          null,
          null,
          null,
          null
        ]
      },
      "/home/manomoybiswas/Projects/Task-Management-System/config/initializers/content_security_policy.rb": {
        "lines": [
          null,
          null,
          null,
          null,
          null,
          null,
          null,
          null,
          null,
          null,
          null,
          null,
          null,
          null,
          null,
          null,
          null,
          null,
          null,
          null,
          null,
          null,
          null,
          null,
          null,
          null,
          null,
          null,
          null,
          null
        ]
      },
      "/home/manomoybiswas/Projects/Task-Management-System/config/initializers/cookies_serializer.rb": {
        "lines": [
          null,
          null,
          null,
          null,
          1
        ]
      },
      "/home/manomoybiswas/Projects/Task-Management-System/config/initializers/elasticsearch.rb": {
        "lines": [
          1,
          0,
          null,
          1,
          null
        ]
      },
      "/home/manomoybiswas/Projects/Task-Management-System/config/initializers/filter_parameter_logging.rb": {
        "lines": [
          null,
          null,
          null,
          1
        ]
      },
      "/home/manomoybiswas/Projects/Task-Management-System/config/initializers/inflections.rb": {
        "lines": [
          null,
          null,
          null,
          null,
          null,
          null,
          null,
          null,
          null,
          null,
          null,
          null,
          null,
          null,
          null,
          null
        ]
      },
      "/home/manomoybiswas/Projects/Task-Management-System/config/initializers/mime_types.rb": {
        "lines": [
          null,
          null,
          null,
          null,
          1
        ]
      },
      "/home/manomoybiswas/Projects/Task-Management-System/config/initializers/omniauth.rb": {
        "lines": [
          1,
          null,
          1,
          1,
          null,
          null,
          null,
          null,
          null
        ]
      },
      "/home/manomoybiswas/Projects/Task-Management-System/config/initializers/redis.rb": {
        "lines": [
          1,
          1
        ]
      },
      "/home/manomoybiswas/Projects/Task-Management-System/config/initializers/sidekiq.rb": {
        "lines": [
          null,
          0,
          null,
          null,
          null,
          null,
          null,
          null,
          null,
          1
        ]
      },
      "/home/manomoybiswas/Projects/Task-Management-System/config/initializers/wrap_parameters.rb": {
        "lines": [
          null,
          null,
          null,
          null,
          null,
          null,
          1,
          2,
          null,
          null,
          null,
          null,
          null,
          null
        ]
      },
      "/home/manomoybiswas/Projects/Task-Management-System/spec/factories/category.rb": {
        "lines": [
          1,
          1,
          235,
          null,
          null
        ]
      },
      "/home/manomoybiswas/Projects/Task-Management-System/spec/factories/invitations.rb": {
        "lines": [
          1,
          1,
          1,
          1,
          1,
          1,
          null,
          null
        ]
      },
      "/home/manomoybiswas/Projects/Task-Management-System/spec/factories/notification.rb": {
        "lines": [
          1,
          1,
          1,
          1,
          38,
          49,
          1,
          null,
          null
        ]
      },
      "/home/manomoybiswas/Projects/Task-Management-System/spec/factories/sub_task.rb": {
        "lines": [
          1,
          1,
          19,
          19,
          null,
          null
        ]
      },
      "/home/manomoybiswas/Projects/Task-Management-System/app/models/sub_task.rb": {
        "lines": [
          1,
          1,
          null,
          26,
          null,
          1,
          null,
          3,
          5,
          null,
          1,
          2,
          2,
          null,
          null
        ]
      },
      "/home/manomoybiswas/Projects/Task-Management-System/app/models/application_record.rb": {
        "lines": [
          1,
          1,
          null
        ]
      },
      "/home/manomoybiswas/Projects/Task-Management-System/spec/factories/tasks.rb": {
        "lines": [
          1,
          1,
          1,
          121,
          1,
          1,
          25,
          121,
          121,
          121,
          121,
          null,
          null,
          1,
          1,
          173,
          1,
          1,
          1,
          173,
          173,
          173,
          173,
          null,
          null,
          1,
          1,
          1,
          1,
          1,
          1,
          1,
          1,
          1,
          1,
          1,
          null,
          null,
          1,
          1,
          26,
          1,
          1,
          26,
          26,
          26,
          26,
          26,
          26,
          26,
          null,
          null
        ]
      },
      "/home/manomoybiswas/Projects/Task-Management-System/app/models/task.rb": {
        "lines": [
          null,
          1,
          1,
          1,
          1,
          1,
          null,
          1,
          1,
          1,
          1,
          1,
          1,
          null,
          1,
          null,
          1,
          null,
          1,
          1,
          null,
          1,
          1,
          1,
          null,
          1,
          1,
          1,
          1,
          1,
          1,
          1,
          null,
          5,
          null,
          9,
          null,
          4,
          null,
          6,
          null,
          4,
          null,
          6,
          null,
          4,
          null,
          5,
          null,
          9,
          null,
          9,
          null,
          5,
          null,
          3,
          null,
          1,
          1,
          1,
          1,
          1,
          1,
          1,
          1,
          1,
          1,
          1,
          null,
          1,
          1,
          1,
          null,
          null,
          null,
          1,
          0,
          null,
          null,
          null,
          null,
          null,
          null,
          null,
          null,
          null,
          1,
          0,
          null,
          null,
          null,
          null,
          null,
          null,
          null,
          null,
          null,
          null,
          null,
          null,
          null,
          null,
          null,
          null,
          null,
          null,
          1,
          0,
          null,
          null,
          null,
          null,
          null,
          null,
          null,
          null,
          null,
          null,
          null,
          null,
          null,
          null,
          null,
          null,
          null,
          null,
          null,
          null,
          null,
          null,
          null,
          null,
          1,
          0,
          null,
          null,
          null,
          null,
          null,
          null,
          null,
          null,
          null,
          null,
          null,
          null,
          null,
          null,
          null,
          null,
          null,
          null,
          null,
          null,
          null,
          null,
          null,
          1,
          0,
          null,
          null,
          null,
          null,
          null,
          null,
          null,
          null,
          null,
          null,
          null,
          null,
          null,
          null,
          null,
          null,
          null,
          1,
          0,
          null,
          null,
          null,
          null,
          null,
          null,
          null,
          null,
          null,
          null,
          null,
          null,
          null,
          null,
          null,
          null,
          null,
          null,
          1,
          0,
          null,
          null,
          null,
          null,
          null,
          null,
          null,
          null,
          null,
          null,
          null,
          null,
          null,
          null,
          null,
          null,
          null,
          1,
          15,
          15,
          0,
          0,
          null,
          0,
          null,
          0,
          15,
          12,
          6,
          null,
          6,
          null,
          null,
          3,
          1,
          null,
          2,
          null,
          null,
          null,
          null,
          1,
          3,
          3,
          0,
          0,
          3,
          2,
          null,
          1,
          null,
          null,
          null,
          1,
          8,
          8,
          0,
          0,
          null,
          0,
          null,
          0,
          8,
          6,
          3,
          null,
          3,
          null,
          null,
          2,
          1,
          null,
          1,
          null,
          null,
          null,
          null,
          1,
          8,
          8,
          0,
          0,
          8,
          6,
          null,
          2,
          null,
          null,
          null,
          1,
          3,
          0,
          0,
          3,
          2,
          null,
          1,
          null,
          null,
          null,
          1,
          0,
          0,
          null,
          null,
          null,
          1,
          null,
          1,
          346,
          null,
          null,
          1,
          321,
          320,
          null,
          1,
          null,
          null,
          null,
          1,
          27,
          26,
          null,
          1,
          null,
          null,
          null,
          1,
          317,
          null,
          null,
          1,
          0,
          null,
          null,
          1,
          317,
          314,
          null,
          null,
          1,
          317,
          null,
          null,
          1,
          317,
          null,
          null
        ]
      },
      "/home/manomoybiswas/Projects/Task-Management-System/app/helpers/sessions_helper.rb": {
        "lines": [
          1,
          1,
          0,
          null,
          null,
          1,
          0,
          null,
          null,
          1,
          1,
          null,
          null
        ]
      },
      "/home/manomoybiswas/Projects/Task-Management-System/spec/factories/users.rb": {
        "lines": [
          1,
          1,
          205,
          198,
          205,
          205,
          205,
          205,
          205,
          205,
          null,
          null,
          1,
          30,
          30,
          30,
          30,
          30,
          30,
          null,
          null,
          1,
          453,
          463,
          465,
          444,
          465,
          465,
          null,
          null
        ]
      },
      "/home/manomoybiswas/Projects/Task-Management-System/app/models/user.rb": {
        "lines": [
          1,
          1,
          1,
          1,
          null,
          1,
          null,
          1,
          1,
          null,
          1,
          null,
          1,
          null,
          1,
          null,
          1,
          null,
          1,
          1,
          null,
          1,
          1,
          1,
          null,
          1,
          1,
          1,
          1,
          1,
          1,
          1,
          null,
          5,
          8,
          6,
          7,
          1,
          1,
          1,
          null,
          1,
          1,
          1,
          1,
          1,
          null,
          null,
          1,
          0,
          null,
          null,
          null,
          null,
          1,
          0,
          null,
          null,
          null,
          null,
          null,
          null,
          null,
          1,
          2,
          2,
          2,
          null,
          null,
          1,
          2,
          null,
          null,
          1,
          13,
          0,
          0,
          null,
          13,
          3,
          1,
          2,
          2,
          null,
          10,
          2,
          8,
          4,
          null,
          4,
          null,
          null,
          null,
          null,
          1,
          0,
          0,
          0,
          0,
          null,
          1,
          0,
          0,
          null,
          null,
          null,
          1,
          0,
          0,
          null,
          1,
          0,
          0,
          0,
          null,
          0,
          null,
          0,
          null,
          null,
          1,
          null,
          1,
          704,
          703,
          null,
          1,
          null,
          null,
          null,
          1,
          703,
          null,
          null,
          1,
          703,
          null,
          null,
          1,
          678,
          null,
          null,
          1,
          0,
          null,
          null,
          1,
          678,
          null,
          null
        ]
      },
      "/home/manomoybiswas/Projects/Task-Management-System/app/helpers/application_helper.rb": {
        "lines": [
          1,
          null,
          1,
          2,
          null,
          2,
          1,
          null,
          1,
          null,
          null,
          null,
          1,
          0,
          null,
          null,
          1,
          0,
          null,
          null,
          1,
          0,
          0,
          null,
          0,
          null,
          null,
          null,
          1,
          0,
          0,
          null,
          0,
          null,
          null,
          null,
          1,
          0,
          null,
          null,
          1,
          0,
          null,
          null
        ]
      },
      "/home/manomoybiswas/Projects/Task-Management-System/app/uploaders/avater_uploader.rb": {
        "lines": [
          1,
          1,
          null,
          null,
          null,
          1,
          1,
          null,
          0,
          null,
          null,
          null,
          1,
          0,
          null,
          null,
          null,
          1,
          null,
          null,
          1,
          1,
          null,
          1,
          1,
          null,
          null,
          null,
          1,
          0,
          null,
          null,
          null,
          1,
          676,
          null,
          null
        ]
      },
      "/home/manomoybiswas/Projects/Task-Management-System/config/routes.rb": {
        "lines": [
          null,
          1,
          1,
          null,
          1,
          1,
          null,
          1,
          null,
          1,
          1,
          1,
          null,
          1,
          1,
          null,
          null,
          null,
          1,
          1,
          1,
          1,
          1,
          1,
          1,
          null,
          1,
          1,
          1,
          1,
          1,
          1,
          1,
          1,
          null,
          null,
          null,
          1,
          null,
          1,
          1,
          1,
          1,
          null,
          null,
          null,
          1,
          null,
          1,
          null,
          null,
          1,
          1,
          1,
          null,
          1,
          1,
          1,
          null
        ]
      },
      "/home/manomoybiswas/Projects/Task-Management-System/app/helpers/notifications_helper.rb": {
        "lines": [
          1,
          1,
          0,
          null,
          null
        ]
      },
      "/home/manomoybiswas/Projects/Task-Management-System/app/helpers/tasks_helper.rb": {
        "lines": [
          1,
          1,
          0,
          0,
          0,
          0,
          null,
          0,
          null,
          null,
          1,
          0,
          0,
          0,
          0,
          null,
          0,
          null,
          null,
          null
        ]
      },
      "/home/manomoybiswas/Projects/Task-Management-System/spec/support/factory_bot.rb": {
        "lines": [
          1,
          1,
          null
        ]
      },
      "/home/manomoybiswas/Projects/Task-Management-System/app/channels/notifications_channel.rb": {
        "lines": [
          1,
          1,
          3,
          null,
          null,
          1,
          1,
          null,
          null
        ]
      },
      "/home/manomoybiswas/Projects/Task-Management-System/app/channels/application_cable/channel.rb": {
        "lines": [
          1,
          1,
          null,
          null
        ]
      },
      "/home/manomoybiswas/Projects/Task-Management-System/spec/helpers/application_helper_spec.rb": {
        "lines": [
          1,
          null,
          1,
          1,
          1,
          1,
          1,
          1,
          1,
          1,
          1,
          null,
          1,
          1,
          1,
          1,
          null,
          null,
          1,
          1,
          1,
          null,
          null,
          null,
          null
        ]
      },
      "/home/manomoybiswas/Projects/Task-Management-System/spec/helpers/sessions_helper_spec.rb": {
        "lines": [
          1,
          null,
          1,
          1,
          null,
          null,
          null,
          null,
          null,
          null,
          null,
          null,
          null,
          null,
          1,
          1,
          1,
          1,
          1,
          null,
          null,
          null,
          null
        ]
      },
      "/home/manomoybiswas/Projects/Task-Management-System/spec/mailers/task_spec.rb": {
        "lines": [
          1,
          null,
          1,
          65,
          97,
          54,
          13,
          97,
          60,
          45,
          null,
          1,
          13,
          1,
          1,
          1,
          null,
          null,
          1,
          1,
          null,
          null,
          1,
          1,
          null,
          null,
          1,
          1,
          null,
          null,
          1,
          1,
          null,
          null,
          1,
          1,
          null,
          null,
          1,
          4,
          1,
          1,
          null,
          null,
          null,
          1,
          1,
          1,
          null,
          null,
          1,
          1,
          null,
          null,
          1,
          1,
          null,
          null,
          1,
          1,
          null,
          null,
          1,
          1,
          null,
          null,
          1,
          1,
          null,
          null,
          1,
          4,
          1,
          1,
          null,
          null,
          null,
          null,
          1,
          13,
          1,
          1,
          1,
          null,
          null,
          1,
          1,
          null,
          null,
          1,
          1,
          null,
          null,
          1,
          1,
          null,
          null,
          1,
          1,
          null,
          null,
          1,
          1,
          null,
          null,
          1,
          4,
          1,
          1,
          null,
          null,
          1,
          1,
          1,
          null,
          null,
          1,
          1,
          null,
          null,
          1,
          1,
          null,
          null,
          1,
          1,
          null,
          null,
          1,
          1,
          null,
          null,
          1,
          1,
          null,
          null,
          1,
          4,
          1,
          1,
          null,
          null,
          null,
          null,
          1,
          13,
          1,
          1,
          1,
          null,
          null,
          1,
          1,
          null,
          null,
          1,
          1,
          null,
          null,
          1,
          1,
          null,
          null,
          1,
          1,
          null,
          null,
          1,
          1,
          null,
          null,
          1,
          4,
          1,
          1,
          null,
          null,
          1,
          1,
          1,
          null,
          null,
          1,
          1,
          null,
          null,
          1,
          1,
          null,
          null,
          1,
          1,
          null,
          null,
          1,
          1,
          null,
          null,
          1,
          1,
          null,
          null,
          1,
          4,
          1,
          1,
          null,
          null,
          null,
          null,
          1,
          13,
          1,
          1,
          1,
          null,
          1,
          1,
          null,
          1,
          1,
          null,
          1,
          1,
          null,
          null,
          1,
          1,
          null,
          1,
          1,
          null,
          1,
          4,
          1,
          1,
          null,
          null,
          null,
          1,
          1,
          1,
          null,
          null,
          1,
          1,
          null,
          null,
          1,
          1,
          null,
          null,
          1,
          1,
          null,
          null,
          1,
          1,
          null,
          null,
          1,
          1,
          null,
          null,
          1,
          4,
          1,
          1,
          null,
          null,
          null,
          null,
          1,
          13,
          1,
          1,
          1,
          null,
          1,
          1,
          null,
          1,
          1,
          null,
          1,
          1,
          null,
          null,
          1,
          1,
          null,
          1,
          1,
          null,
          1,
          4,
          1,
          1,
          null,
          null,
          null,
          1,
          1,
          1,
          null,
          null,
          1,
          1,
          null,
          null,
          1,
          1,
          null,
          null,
          1,
          1,
          null,
          null,
          1,
          1,
          null,
          null,
          1,
          1,
          null,
          null,
          1,
          4,
          1,
          1,
          null,
          null,
          null,
          null,
          1,
          13,
          1,
          1,
          1,
          null,
          1,
          1,
          null,
          1,
          1,
          null,
          1,
          1,
          null,
          null,
          1,
          1,
          null,
          1,
          1,
          null,
          1,
          4,
          1,
          1,
          null,
          null,
          null,
          1,
          1,
          1,
          null,
          null,
          1,
          1,
          null,
          null,
          1,
          1,
          null,
          null,
          1,
          1,
          null,
          null,
          1,
          1,
          null,
          null,
          1,
          1,
          null,
          null,
          1,
          4,
          1,
          1,
          null,
          null,
          null,
          null,
          1,
          11,
          1,
          1,
          1,
          null,
          1,
          1,
          null,
          1,
          1,
          null,
          1,
          1,
          null,
          1,
          1,
          null,
          1,
          4,
          1,
          1,
          null,
          null,
          null,
          1,
          1,
          1,
          null,
          null,
          1,
          1,
          null,
          null,
          1,
          1,
          null,
          null,
          1,
          1,
          null,
          1,
          1,
          null,
          null,
          1,
          4,
          1,
          1,
          null,
          null,
          null,
          null
        ]
      },
      "/home/manomoybiswas/Projects/Task-Management-System/app/mailers/task_mailer.rb": {
        "lines": [
          1,
          1,
          null,
          1,
          15,
          15,
          15,
          15,
          13,
          null,
          2,
          null,
          null,
          15,
          null,
          null,
          1,
          17,
          17,
          17,
          17,
          13,
          null,
          4,
          null,
          null,
          17,
          null,
          null,
          1,
          13,
          13,
          13,
          13,
          12,
          null,
          1,
          null,
          null,
          13,
          null,
          null,
          1,
          15,
          15,
          15,
          15,
          14,
          null,
          1,
          null,
          null,
          15,
          null,
          null,
          1,
          14,
          14,
          14,
          14,
          13,
          null,
          1,
          null,
          null,
          14,
          null,
          null,
          1,
          16,
          16,
          16,
          16,
          13,
          null,
          3,
          null,
          null,
          16,
          null,
          null,
          1,
          12,
          12,
          12,
          10,
          null,
          2,
          null,
          null,
          12,
          null,
          null
        ]
      },
      "/home/manomoybiswas/Projects/Task-Management-System/app/mailers/application_mailer.rb": {
        "lines": [
          1,
          1,
          1,
          null
        ]
      },
      "/home/manomoybiswas/Projects/Task-Management-System/spec/mailers/user_spec.rb": {
        "lines": [
          1,
          null,
          1,
          13,
          null,
          1,
          1,
          6,
          1,
          1,
          null,
          1,
          1,
          null,
          1,
          1,
          null,
          1,
          1,
          null,
          1,
          1,
          null,
          1,
          4,
          1,
          1,
          null,
          null,
          null,
          1,
          6,
          1,
          1,
          null,
          1,
          1,
          null,
          1,
          1,
          null,
          1,
          1,
          null,
          1,
          1,
          null,
          1,
          4,
          1,
          1,
          null,
          null,
          null,
          null
        ]
      },
      "/home/manomoybiswas/Projects/Task-Management-System/app/mailers/user_mailer.rb": {
        "lines": [
          1,
          1,
          1,
          13,
          13,
          13,
          11,
          null,
          2,
          null,
          null,
          13,
          null,
          null,
          1,
          0,
          0,
          0,
          0,
          null,
          0,
          null,
          0,
          null,
          null
        ]
      },
      "/home/manomoybiswas/Projects/Task-Management-System/spec/models/category_spec.rb": {
        "lines": [
          1,
          null,
          1,
          7,
          null,
          1,
          2,
          2,
          2,
          null,
          1,
          2,
          null,
          null,
          1,
          2,
          null,
          null,
          1,
          1,
          1,
          1,
          1,
          null,
          null,
          null,
          null
        ]
      },
      "/home/manomoybiswas/Projects/Task-Management-System/app/models/category.rb": {
        "lines": [
          1,
          1,
          null,
          1,
          1,
          1,
          null,
          1,
          null,
          1,
          1,
          243,
          null,
          null
        ]
      },
      "/home/manomoybiswas/Projects/Task-Management-System/spec/models/invitation_spec.rb": {
        "lines": [
          1,
          null,
          1,
          1,
          8,
          null,
          null,
          1,
          2,
          2,
          2,
          2,
          2,
          null,
          null,
          null,
          null,
          1,
          1,
          1,
          1,
          1,
          null,
          null,
          null,
          null,
          1,
          1,
          1,
          1,
          1,
          null,
          null,
          null,
          null
        ]
      },
      "/home/manomoybiswas/Projects/Task-Management-System/app/models/invitation.rb": {
        "lines": [
          1,
          1,
          1,
          1,
          null,
          1,
          1,
          1,
          1,
          null,
          1,
          null,
          1,
          0,
          null,
          null,
          1,
          null,
          1,
          1,
          null,
          null,
          1,
          15,
          null,
          null,
          1,
          15,
          null,
          null
        ]
      },
      "/home/manomoybiswas/Projects/Task-Management-System/spec/models/notification_spec.rb": {
        "lines": [
          1,
          null,
          1,
          null,
          26,
          26,
          26,
          26,
          null,
          26,
          null,
          8,
          null,
          8,
          null,
          6,
          null,
          8,
          null,
          10,
          null,
          1,
          2,
          2,
          2,
          null,
          null,
          1,
          1,
          1,
          1,
          null,
          null,
          1,
          1,
          1,
          null,
          null,
          null,
          null,
          1,
          1,
          1,
          1,
          null,
          null,
          null,
          null,
          1,
          1,
          1,
          1,
          null,
          null,
          null,
          null,
          1,
          1,
          1,
          1,
          null,
          null,
          null,
          null,
          1,
          1,
          1,
          1,
          null,
          null,
          1,
          1,
          1,
          null,
          null,
          null,
          null,
          1,
          1,
          1,
          1,
          null,
          null,
          1,
          1,
          1,
          null,
          null,
          null,
          null,
          1,
          1,
          1,
          1,
          null,
          null,
          1,
          1,
          1,
          null,
          null,
          null,
          null,
          1,
          1,
          1,
          4,
          null,
          1,
          4,
          null,
          1,
          1,
          4,
          null,
          1,
          4,
          null,
          1,
          4,
          null,
          null,
          null,
          null,
          1,
          1,
          1,
          1,
          null,
          null,
          null,
          1,
          1,
          1,
          null,
          null,
          null,
          1,
          1,
          1,
          null,
          null,
          null,
          1,
          1,
          1,
          null,
          null,
          null,
          1,
          1,
          1,
          null,
          null,
          null,
          1,
          1,
          1,
          null,
          null,
          null,
          1,
          1,
          1,
          null,
          null,
          null,
          1,
          1,
          1,
          null,
          null,
          1,
          1,
          1,
          null,
          null,
          null,
          null
        ]
      },
      "/home/manomoybiswas/Projects/Task-Management-System/app/models/notification.rb": {
        "lines": [
          1,
          1,
          null,
          372,
          null,
          1,
          1,
          1,
          null,
          15,
          null,
          3,
          null,
          3,
          null,
          3,
          null,
          5,
          null,
          5,
          null,
          5,
          null,
          1,
          322,
          322,
          null,
          1,
          null,
          1,
          1,
          null,
          null,
          1,
          1,
          null,
          null,
          1,
          1,
          null,
          null,
          1,
          1,
          null,
          null,
          318,
          null,
          null,
          null,
          null,
          null,
          1,
          9,
          1,
          8,
          1,
          7,
          1,
          6,
          1,
          5,
          1,
          4,
          1,
          3,
          1,
          2,
          1,
          1,
          1,
          null,
          null,
          null
        ]
      },
      "/home/manomoybiswas/Projects/Task-Management-System/spec/models/sub_task_spec.rb": {
        "lines": [
          1,
          null,
          1,
          10,
          10,
          10,
          10,
          3,
          10,
          10,
          null,
          1,
          2,
          null,
          null,
          1,
          2,
          2,
          null,
          null,
          1,
          1,
          1,
          1,
          null,
          null,
          1,
          1,
          1,
          null,
          null,
          null,
          1,
          1,
          1,
          1,
          null,
          null,
          1,
          1,
          1,
          null,
          null,
          null,
          null,
          1,
          1,
          1,
          1,
          null,
          null,
          1,
          1,
          1,
          null,
          null,
          null,
          null
        ]
      },
      "/home/manomoybiswas/Projects/Task-Management-System/spec/models/task_spec.rb": {
        "lines": [
          1,
          null,
          1,
          64,
          84,
          36,
          35,
          1,
          8,
          null,
          85,
          null,
          36,
          null,
          18,
          null,
          18,
          null,
          23,
          null,
          20,
          null,
          21,
          null,
          22,
          null,
          8,
          null,
          null,
          1,
          2,
          2,
          2,
          2,
          2,
          2,
          null,
          null,
          null,
          1,
          2,
          2,
          2,
          2,
          2,
          2,
          2,
          2,
          2,
          2,
          null,
          null,
          null,
          1,
          2,
          2,
          2,
          2,
          2,
          2,
          null,
          null,
          null,
          1,
          1,
          1,
          1,
          null,
          null,
          null,
          1,
          1,
          1,
          null,
          null,
          null,
          null,
          1,
          1,
          1,
          1,
          null,
          null,
          null,
          1,
          1,
          1,
          null,
          null,
          null,
          null,
          1,
          1,
          1,
          1,
          null,
          null,
          null,
          1,
          1,
          1,
          null,
          null,
          null,
          null,
          1,
          1,
          1,
          1,
          null,
          null,
          null,
          1,
          1,
          1,
          null,
          null,
          null,
          null,
          1,
          1,
          1,
          1,
          null,
          null,
          null,
          1,
          1,
          1,
          null,
          null,
          null,
          null,
          1,
          1,
          1,
          1,
          null,
          null,
          null,
          1,
          1,
          1,
          null,
          null,
          null,
          null,
          1,
          1,
          1,
          1,
          null,
          null,
          null,
          1,
          1,
          1,
          null,
          null,
          null,
          null,
          1,
          1,
          1,
          1,
          null,
          null,
          null,
          1,
          1,
          1,
          null,
          null,
          null,
          null,
          1,
          1,
          1,
          1,
          null,
          null,
          null,
          1,
          1,
          1,
          null,
          null,
          null,
          null,
          1,
          1,
          1,
          1,
          null,
          null,
          null,
          1,
          1,
          1,
          null,
          null,
          null,
          null,
          1,
          1,
          1,
          1,
          null,
          null,
          null,
          1,
          1,
          1,
          null,
          null,
          null,
          null,
          1,
          1,
          1,
          1,
          null,
          null,
          null,
          1,
          1,
          1,
          null,
          null,
          null,
          null,
          null,
          1,
          1,
          1,
          1,
          1,
          null,
          null,
          null,
          1,
          1,
          1,
          1,
          null,
          null,
          null,
          null,
          1,
          1,
          1,
          1,
          1,
          null,
          null,
          null,
          1,
          1,
          1,
          1,
          null,
          null,
          null,
          null,
          1,
          1,
          1,
          1,
          1,
          null,
          null,
          null,
          1,
          1,
          1,
          1,
          null,
          null,
          null,
          null,
          null,
          1,
          1,
          1,
          1,
          null,
          null,
          null,
          1,
          1,
          1,
          null,
          null,
          1,
          1,
          null,
          null,
          null,
          1,
          1,
          1,
          null,
          null,
          1,
          1,
          null,
          null,
          null,
          1,
          1,
          1,
          null,
          null,
          1,
          1,
          null,
          null,
          null,
          1,
          1,
          1,
          null,
          null,
          1,
          1,
          null,
          null,
          null,
          1,
          1,
          1,
          null,
          null,
          1,
          1,
          null,
          null,
          null,
          1,
          1,
          1,
          null,
          null,
          1,
          1,
          null,
          null,
          null,
          1,
          1,
          1,
          null,
          null,
          1,
          1,
          null,
          null,
          null,
          null,
          1,
          1,
          1,
          1,
          null,
          null,
          null,
          1,
          1,
          1,
          null,
          null,
          null,
          1,
          1,
          1,
          null,
          null,
          null,
          1,
          1,
          1,
          null,
          null,
          null,
          1,
          1,
          1,
          null,
          null,
          null,
          1,
          1,
          1,
          null,
          null,
          null,
          1,
          1,
          1,
          null,
          null,
          null,
          1,
          1,
          1,
          null,
          null,
          null,
          null,
          1,
          1,
          1,
          1,
          null,
          null,
          1,
          1,
          null,
          null,
          null,
          1,
          1,
          1,
          null,
          null,
          1,
          1,
          null,
          null,
          null,
          1,
          1,
          1,
          null,
          null,
          1,
          1,
          null,
          null,
          null,
          1,
          1,
          1,
          null,
          null,
          1,
          1,
          null,
          null,
          null,
          null,
          1,
          1,
          1,
          1,
          null,
          null,
          null,
          1,
          1,
          1,
          null,
          null,
          null,
          1,
          1,
          1,
          null,
          null,
          null,
          null,
          1,
          1,
          1,
          1,
          null,
          null,
          null,
          1,
          1,
          1,
          null,
          null,
          null,
          1,
          1,
          1,
          null,
          null,
          null,
          null
        ]
      },
      "/home/manomoybiswas/Projects/Task-Management-System/spec/models/user_spec.rb": {
        "lines": [
          1,
          null,
          1,
          22,
          16,
          16,
          16,
          13,
          null,
          null,
          1,
          2,
          2,
          null,
          null,
          null,
          1,
          2,
          2,
          null,
          null,
          null,
          1,
          2,
          2,
          2,
          2,
          2,
          2,
          2,
          2,
          2,
          2,
          2,
          2,
          2,
          2,
          1,
          1,
          null,
          null,
          null,
          null,
          1,
          1,
          1,
          1,
          null,
          null,
          null,
          1,
          1,
          1,
          null,
          null,
          null,
          null,
          1,
          1,
          1,
          1,
          null,
          null,
          null,
          1,
          1,
          1,
          null,
          null,
          null,
          null,
          1,
          1,
          1,
          1,
          null,
          null,
          null,
          1,
          1,
          1,
          null,
          null,
          null,
          null,
          1,
          1,
          1,
          1,
          null,
          null,
          null,
          1,
          1,
          1,
          null,
          null,
          null,
          null,
          null,
          1,
          1,
          1,
          1,
          1,
          null,
          null,
          null,
          1,
          1,
          1,
          1,
          null,
          null,
          null,
          null,
          1,
          1,
          1,
          1,
          null,
          null,
          null,
          1,
          1,
          1,
          1,
          null,
          null,
          null,
          1,
          1,
          1,
          1,
          null,
          null,
          null,
          1,
          1,
          1,
          null,
          null,
          null,
          null,
          1,
          1,
          1,
          1,
          1,
          1,
          null,
          null,
          null,
          null,
          null,
          null,
          null,
          null,
          null,
          null,
          null,
          null,
          null,
          null,
          null,
          null,
          1,
          1,
          1,
          1,
          1,
          null,
          null,
          null,
          null,
          null,
          null,
          null,
          null,
          null,
          null,
          null,
          null,
          null,
          null,
          null,
          null,
          null,
          1,
          1,
          1,
          1,
          null,
          null,
          null,
          1,
          1,
          1,
          null,
          null,
          1,
          1,
          null,
          null,
          null,
          1,
          1,
          1,
          null,
          null,
          1,
          1,
          null,
          null,
          null,
          1,
          1,
          1,
          null,
          null,
          1,
          1,
          null,
          null,
          null,
          1,
          1,
          1,
          null,
          null,
          1,
          1,
          null,
          null,
          null,
          1,
          1,
          1,
          null,
          null,
          1,
          1,
          null,
          null,
          null,
          1,
          1,
          1,
          null,
          null,
          1,
          1,
          null,
          null,
          null,
          null
        ]
      },
      "/home/manomoybiswas/Projects/Task-Management-System/spec/requests/application_request_spec.rb": {
        "lines": [
          1,
          null,
          1,
          null,
          5,
          2,
          2,
          null,
          null,
          1,
          1,
          1,
          1,
          1,
          null,
          null,
          null,
          1,
          1,
          1,
          1,
          1,
          null,
          null,
          null,
          null,
          1,
          1,
          1,
          1,
          1,
          1,
          null,
          null,
          null,
          1,
          1,
          1,
          1,
          1,
          null,
          null,
          null,
          null,
          1,
          1,
          1,
          1,
          1,
          1,
          null,
          null,
          null,
          1,
          1,
          1,
          1,
          1,
          null,
          null,
          null,
          null,
          1,
          1,
          1,
          1,
          1,
          1,
          null,
          null,
          null,
          1,
          1,
          1,
          null,
          null,
          null,
          null
        ]
      },
      "/home/manomoybiswas/Projects/Task-Management-System/app/controllers/application_controller.rb": {
        "lines": [
          1,
          1,
          1,
          1,
          1,
          null,
          1,
          2,
          0,
          null,
          2,
          null,
          null,
          null,
          1,
          2,
          null,
          null,
          1,
          2,
          null,
          null,
          1,
          2,
          1,
          null,
          null,
          1,
          null,
          1,
          0,
          0,
          0,
          null,
          null
        ]
      },
      "/home/manomoybiswas/Projects/Task-Management-System/spec/workers/notification_relay_worker_spec.rb": {
        "lines": [
          1,
          null,
          1,
          13,
          13,
          13,
          13,
          13,
          1,
          2,
          1,
          1,
          1,
          1,
          2,
          null,
          null,
          null,
          1,
          1,
          1,
          2,
          null,
          null,
          null,
          1,
          1,
          1,
          2,
          null,
          null,
          null,
          1,
          1,
          1,
          2,
          null,
          null,
          null,
          1,
          1,
          1,
          2,
          null,
          null,
          null,
          1,
          1,
          1,
          1,
          1,
          null,
          1,
          1,
          1,
          2,
          null,
          null,
          null,
          1,
          1,
          1,
          2,
          null,
          null,
          null,
          1,
          1,
          1,
          2,
          null,
          null,
          null,
          1,
          1,
          1,
          2,
          null,
          null,
          null,
          1,
          1,
          1,
          2,
          null,
          null,
          null,
          1,
          1,
          1,
          2,
          null,
          null,
          null,
          1,
          1,
          1,
          2,
          null,
          null,
          null,
          1,
          1,
          1,
          null,
          null,
          null,
          null
        ]
      },
      "/home/manomoybiswas/Projects/Task-Management-System/app/workers/notification_relay_worker.rb": {
        "lines": [
          1,
          1,
          1,
          null,
          1,
          13,
          13,
          null,
          12,
          12,
          null,
          1,
          1,
          null,
          null,
          1,
          1,
          null,
          null,
          1,
          1,
          null,
          null,
          2,
          1,
          null,
          1,
          null,
          2,
          null,
          null,
          1,
          1,
          null,
          5,
          5,
          null,
          1,
          1,
          null,
          null,
          null,
          12,
          12,
          null,
          null,
          1,
          null,
          1,
          7,
          null,
          null,
          null,
          null,
          null,
          null,
          null,
          null,
          null,
          null,
          null,
          null,
          null,
          null,
          1,
          5,
          null,
          null,
          null,
          null,
          null,
          null,
          null,
          null,
          null,
          5,
          null,
          null,
          null,
          null
        ]
      },
      "/home/manomoybiswas/Projects/Task-Management-System/spec/workers/task_mailer_worker_spec.rb": {
        "lines": [
          1,
          null,
          1,
          6,
          6,
          6,
          6,
          1,
          1,
          1,
          1,
          1,
          null,
          null,
          null,
          1,
          1,
          1,
          1,
          null,
          null,
          null,
          1,
          1,
          1,
          1,
          null,
          null,
          null,
          1,
          1,
          1,
          1,
          null,
          null,
          null,
          1,
          1,
          1,
          1,
          null,
          null,
          null,
          null
        ]
      },
      "/home/manomoybiswas/Projects/Task-Management-System/app/workers/task_mailer_worker.rb": {
        "lines": [
          1,
          1,
          1,
          null,
          1,
          5,
          null,
          1,
          null,
          1,
          null,
          1,
          null,
          1,
          null,
          0,
          null,
          1,
          null,
          null,
          null
        ]
      },
      "/home/manomoybiswas/Projects/Task-Management-System/spec/workers/task_reminder_worker_spec.rb": {
        "lines": [
          1,
          null,
          1,
          3,
          3,
          3,
          2,
          2,
          null,
          1,
          1,
          1,
          1,
          1,
          null,
          null,
          null,
          1,
          1,
          1,
          1,
          null,
          null,
          null,
          null
        ]
      },
      "/home/manomoybiswas/Projects/Task-Management-System/app/workers/task_reminder_worker.rb": {
        "lines": [
          1,
          1,
          1,
          1,
          2,
          2,
          1,
          null,
          null,
          null
        ]
      },
      "/home/manomoybiswas/Projects/Task-Management-System/spec/workers/users_mailer_worker_spec.rb": {
        "lines": [
          1,
          null,
          1,
          2,
          null,
          1,
          1,
          1,
          1,
          null,
          null,
          null
        ]
      },
      "/home/manomoybiswas/Projects/Task-Management-System/app/workers/user_mailer_worker.rb": {
        "lines": [
          1,
          1,
          1,
          null,
          1,
          1,
          null,
          null
        ]
      },
      "/home/manomoybiswas/Projects/Task-Management-System/app/workers/user_indexer_worker.rb": {
        "lines": [
          1,
          1,
          1,
          null,
          1,
          0,
          0,
          0,
          0,
          0,
          0,
          null,
          null,
          null
        ]
      },
      "/home/manomoybiswas/Projects/Task-Management-System/app/workers/indexer_worker.rb": {
        "lines": [
          1,
          1,
          1,
          null,
          1,
          0,
          0,
          0,
          0,
          0,
          0,
          null,
          null,
          null
        ]
      },
      "/home/manomoybiswas/Projects/Task-Management-System/app/workers/invitation_worker.rb": {
        "lines": [
          1,
          1,
          1,
          null,
          1,
          0,
          null,
          null
        ]
      },
      "/home/manomoybiswas/Projects/Task-Management-System/app/models/task_document.rb": {
        "lines": [
          1,
          1,
          null,
          1,
          null
        ]
      },
      "/home/manomoybiswas/Projects/Task-Management-System/app/uploaders/document_uploader.rb": {
        "lines": [
          1,
          null,
          null,
          1,
          1,
          null,
          0,
          null,
          null,
          null,
          1,
          0,
          null,
          null,
          null,
          1,
          0,
          null,
          null,
          null,
          1,
          0,
          0,
          0,
          null,
          null,
          1,
          0,
          null,
          null
        ]
      }
    },
    "timestamp": 1597275232
  }
}
